{"level":"info","message":"SQL Masterclass API running on http://localhost:4000","service":"sql-masterclass-api","timestamp":"2026-04-06 20:26:11"}
{"level":"info","message":{"event":"health_check","status":"healthy"},"service":"sql-masterclass-api","timestamp":"2026-04-06 20:30:27"}
{"level":"info","message":{"duration":"38ms","method":"GET","path":"/api/health","status":200},"service":"sql-masterclass-api","timestamp":"2026-04-06 20:30:27"}
{"level":"info","message":{"duration":"2ms","method":"GET","path":"/api/logs","status":200},"service":"sql-masterclass-api","timestamp":"2026-04-06 20:30:28"}
{"level":"info","message":{"duration":"1ms","method":"GET","path":"/api/logs/combined","status":200},"service":"sql-masterclass-api","timestamp":"2026-04-06 20:30:43"}
{"level":"info","message":{"duration":"2ms","method":"GET","path":"/api/stats","status":304},"service":"sql-masterclass-api","timestamp":"2026-04-06 20:46:53"}
{"level":"info","message":{"duration":"1ms","method":"GET","path":"/api/stats","status":304},"service":"sql-masterclass-api","timestamp":"2026-04-06 20:46:53"}
{"level":"info","message":{"duration":"11ms","method":"GET","path":"/api/amazon/categories","status":304},"service":"sql-masterclass-api","timestamp":"2026-04-06 20:46:55"}
{"level":"info","message":{"duration":"5ms","method":"GET","path":"/api/amazon/categories","status":304},"service":"sql-masterclass-api","timestamp":"2026-04-06 20:46:56"}
{"level":"info","message":{"duration":"24ms","method":"GET","path":"/api/amazon/orders","status":500},"service":"sql-masterclass-api","timestamp":"2026-04-06 20:46:56"}
{"level":"info","message":{"duration":"26ms","method":"GET","path":"/api/amazon/products","status":304},"service":"sql-masterclass-api","timestamp":"2026-04-06 20:46:56"}
{"level":"info","message":{"duration":"4ms","method":"GET","path":"/api/amazon/orders","status":500},"service":"sql-masterclass-api","timestamp":"2026-04-06 20:46:56"}
{"level":"info","message":{"duration":"7ms","method":"GET","path":"/api/amazon/products","status":304},"service":"sql-masterclass-api","timestamp":"2026-04-06 20:46:56"}
{"level":"info","message":{"duration":"5ms","method":"GET","path":"/api/amazon/products","status":304},"service":"sql-masterclass-api","timestamp":"2026-04-06 20:46:57"}
{"level":"info","message":{"duration":"4ms","method":"GET","path":"/api/amazon/products","status":304},"service":"sql-masterclass-api","timestamp":"2026-04-06 20:46:58"}
{"level":"info","message":{"duration":"4ms","method":"GET","path":"/api/amazon/products","status":304},"service":"sql-masterclass-api","timestamp":"2026-04-06 20:46:59"}
{"level":"info","message":{"duration":"3ms","method":"GET","path":"/api/amazon/products","status":304},"service":"sql-masterclass-api","timestamp":"2026-04-06 20:46:59"}
{"level":"info","message":{"duration":"1ms","method":"GET","path":"/api/stats","status":304},"service":"sql-masterclass-api","timestamp":"2026-04-06 20:47:00"}
{"level":"info","message":{"duration":"1ms","method":"GET","path":"/api/stats","status":304},"service":"sql-masterclass-api","timestamp":"2026-04-06 20:47:00"}
{"level":"info","message":{"duration":"0ms","method":"GET","path":"/api/stats","status":304},"service":"sql-masterclass-api","timestamp":"2026-04-06 20:52:17"}
{"level":"info","message":{"duration":"1ms","method":"GET","path":"/api/stats","status":304},"service":"sql-masterclass-api","timestamp":"2026-04-06 20:52:17"}
{"level":"info","message":{"duration":"0ms","method":"GET","path":"/api/stats","status":304},"service":"sql-masterclass-api","timestamp":"2026-04-06 20:54:16"}
{"level":"info","message":{"duration":"1ms","method":"GET","path":"/api/stats","status":304},"service":"sql-masterclass-api","timestamp":"2026-04-06 20:54:16"}
{"level":"info","message":{"duration":"4ms","method":"GET","path":"/api/amazon/orders","status":500},"service":"sql-masterclass-api","timestamp":"2026-04-06 21:00:14"}
{"level":"info","message":{"duration":"5ms","method":"GET","path":"/api/amazon/categories","status":304},"service":"sql-masterclass-api","timestamp":"2026-04-06 21:00:14"}
{"level":"info","message":{"duration":"9ms","method":"GET","path":"/api/amazon/products","status":304},"service":"sql-masterclass-api","timestamp":"2026-04-06 21:00:14"}
{"level":"info","message":{"duration":"3ms","method":"GET","path":"/api/amazon/categories","status":304},"service":"sql-masterclass-api","timestamp":"2026-04-06 21:00:14"}
{"level":"info","message":{"duration":"7ms","method":"GET","path":"/api/amazon/orders","status":500},"service":"sql-masterclass-api","timestamp":"2026-04-06 21:00:14"}
{"level":"info","message":{"duration":"7ms","method":"GET","path":"/api/amazon/products","status":304},"service":"sql-masterclass-api","timestamp":"2026-04-06 21:00:14"}
{"level":"info","message":{"duration":"3ms","method":"GET","path":"/api/amazon/products","status":304},"service":"sql-masterclass-api","timestamp":"2026-04-06 21:00:18"}
{"level":"info","message":{"duration":"0ms","method":"GET","path":"/api/stats","status":304},"service":"sql-masterclass-api","timestamp":"2026-04-06 21:08:47"}
{"level":"info","message":{"duration":"1ms","method":"GET","path":"/api/stats","status":304},"service":"sql-masterclass-api","timestamp":"2026-04-06 21:08:47"}
{"level":"info","message":{"duration":"1ms","method":"GET","path":"/api/stats","status":304},"service":"sql-masterclass-api","timestamp":"2026-04-06 21:09:07"}
{"level":"info","message":{"duration":"0ms","method":"GET","path":"/api/stats","status":304},"service":"sql-masterclass-api","timestamp":"2026-04-06 21:09:07"}
{"level":"info","message":{"duration":"1ms","method":"GET","path":"/api/stats","status":304},"service":"sql-masterclass-api","timestamp":"2026-04-06 21:09:19"}
{"level":"info","message":{"duration":"1ms","method":"GET","path":"/api/stats","status":304},"service":"sql-masterclass-api","timestamp":"2026-04-06 21:09:19"}
{"level":"info","message":{"duration":"8ms","method":"GET","path":"/api/spotify/top-charts","status":304},"service":"sql-masterclass-api","timestamp":"2026-04-06 21:09:22"}
{"level":"info","message":{"duration":"5ms","method":"GET","path":"/api/spotify/playlists","status":404},"service":"sql-masterclass-api","timestamp":"2026-04-06 21:09:22"}
{"level":"error","message":{"error":"rows is not defined","query":{"sort":"streams"},"route":"/api/spotify/songs"},"service":"sql-masterclass-api","timestamp":"2026-04-06 21:09:22"}
{"level":"info","message":{"duration":"17ms","method":"GET","path":"/api/spotify/songs","status":500},"service":"sql-masterclass-api","timestamp":"2026-04-06 21:09:22"}
{"level":"info","message":{"duration":"2ms","method":"GET","path":"/api/spotify/playlists","status":404},"service":"sql-masterclass-api","timestamp":"2026-04-06 21:09:22"}
{"level":"info","message":{"duration":"72ms","method":"GET","path":"/api/spotify/artists","status":304},"service":"sql-masterclass-api","timestamp":"2026-04-06 21:09:22"}
{"level":"info","message":{"duration":"70ms","method":"GET","path":"/api/spotify/top-charts","status":304},"service":"sql-masterclass-api","timestamp":"2026-04-06 21:09:22"}
{"level":"error","message":{"error":"rows is not defined","query":{"sort":"streams"},"route":"/api/spotify/songs"},"service":"sql-masterclass-api","timestamp":"2026-04-06 21:09:22"}
{"level":"info","message":{"duration":"25ms","method":"GET","path":"/api/spotify/songs","status":500},"service":"sql-masterclass-api","timestamp":"2026-04-06 21:09:22"}
{"level":"info","message":{"duration":"7ms","method":"GET","path":"/api/spotify/artists","status":304},"service":"sql-masterclass-api","timestamp":"2026-04-06 21:09:22"}
{"level":"info","message":"SQL Masterclass API running on http://localhost:4000","service":"sql-masterclass-api","timestamp":"2026-04-06 21:12:35"}
{"level":"info","message":{"duration":"8ms","method":"GET","path":"/api/stats","status":200},"service":"sql-masterclass-api","timestamp":"2026-04-06 21:12:45"}
{"level":"info","message":{"duration":"2ms","method":"GET","path":"/api/stats","status":304},"service":"sql-masterclass-api","timestamp":"2026-04-06 21:12:45"}
{"level":"info","message":{"duration":"90ms","method":"GET","path":"/api/amazon/categories","status":200},"service":"sql-masterclass-api","timestamp":"2026-04-06 21:12:47"}
{"level":"info","message":{"duration":"58ms","method":"GET","path":"/api/amazon/orders","status":500},"service":"sql-masterclass-api","timestamp":"2026-04-06 21:12:47"}
{"level":"info","message":{"duration":"59ms","method":"GET","path":"/api/amazon/products","status":200},"service":"sql-masterclass-api","timestamp":"2026-04-06 21:12:47"}
{"level":"info","message":{"duration":"6ms","method":"GET","path":"/api/amazon/categories","status":304},"service":"sql-masterclass-api","timestamp":"2026-04-06 21:12:47"}
{"level":"info","message":{"duration":"9ms","method":"GET","path":"/api/amazon/orders","status":500},"service":"sql-masterclass-api","timestamp":"2026-04-06 21:12:47"}
{"level":"info","message":{"duration":"8ms","method":"GET","path":"/api/amazon/products","status":304},"service":"sql-masterclass-api","timestamp":"2026-04-06 21:12:47"}
{"level":"info","message":{"duration":"2ms","method":"GET","path":"/api/stats","status":304},"service":"sql-masterclass-api","timestamp":"2026-04-06 21:12:51"}
{"level":"info","message":{"duration":"1ms","method":"GET","path":"/api/stats","status":304},"service":"sql-masterclass-api","timestamp":"2026-04-06 21:12:51"}
{"level":"info","message":{"duration":"0ms","method":"GET","path":"/api/stats","status":304},"service":"sql-masterclass-api","timestamp":"2026-04-06 21:14:01"}
{"level":"info","message":{"duration":"1ms","method":"GET","path":"/api/stats","status":304},"service":"sql-masterclass-api","timestamp":"2026-04-06 21:14:01"}
{"level":"info","message":{"duration":"1ms","method":"GET","path":"/api/sections","status":304},"service":"sql-masterclass-api","timestamp":"2026-04-06 21:14:05"}
{"level":"info","message":{"duration":"2ms","method":"GET","path":"/api/questions","status":304},"service":"sql-masterclass-api","timestamp":"2026-04-06 21:14:05"}
{"level":"info","message":{"duration":"1ms","method":"GET","path":"/api/sections","status":304},"service":"sql-masterclass-api","timestamp":"2026-04-06 21:14:05"}
{"level":"info","message":{"duration":"2ms","method":"GET","path":"/api/questions","status":304},"service":"sql-masterclass-api","timestamp":"2026-04-06 21:14:05"}
{"level":"info","message":{"duration":"2ms","method":"GET","path":"/api/questions/43","status":200},"service":"sql-masterclass-api","timestamp":"2026-04-06 21:15:18"}
{"level":"info","message":{"duration":"1ms","method":"GET","path":"/api/questions/43","status":304},"service":"sql-masterclass-api","timestamp":"2026-04-06 21:15:18"}
{"level":"info","message":{"duration":"1ms","method":"GET","path":"/api/sections","status":304},"service":"sql-masterclass-api","timestamp":"2026-04-06 21:15:20"}
{"level":"info","message":{"duration":"1ms","method":"GET","path":"/api/questions","status":304},"service":"sql-masterclass-api","timestamp":"2026-04-06 21:15:20"}
{"level":"info","message":{"duration":"1ms","method":"GET","path":"/api/sections","status":304},"service":"sql-masterclass-api","timestamp":"2026-04-06 21:15:20"}
{"level":"info","message":{"duration":"2ms","method":"GET","path":"/api/questions","status":304},"service":"sql-masterclass-api","timestamp":"2026-04-06 21:15:20"}
{"level":"info","message":{"duration":"1ms","method":"GET","path":"/api/stats","status":304},"service":"sql-masterclass-api","timestamp":"2026-04-06 21:15:23"}
{"level":"info","message":{"duration":"2ms","method":"GET","path":"/api/stats","status":304},"service":"sql-masterclass-api","timestamp":"2026-04-06 21:15:23"}
{"level":"info","message":{"duration":"3ms","method":"GET","path":"/api/amazon/categories","status":304},"service":"sql-masterclass-api","timestamp":"2026-04-06 21:15:30"}
{"level":"info","message":{"duration":"5ms","method":"GET","path":"/api/amazon/orders","status":500},"service":"sql-masterclass-api","timestamp":"2026-04-06 21:15:30"}
{"level":"info","message":{"duration":"9ms","method":"GET","path":"/api/amazon/products","status":304},"service":"sql-masterclass-api","timestamp":"2026-04-06 21:15:30"}
{"level":"info","message":{"duration":"8ms","method":"GET","path":"/api/amazon/categories","status":304},"service":"sql-masterclass-api","timestamp":"2026-04-06 21:15:30"}
{"level":"info","message":{"duration":"3ms","method":"GET","path":"/api/amazon/orders","status":500},"service":"sql-masterclass-api","timestamp":"2026-04-06 21:15:30"}
{"level":"info","message":{"duration":"7ms","method":"GET","path":"/api/amazon/products","status":304},"service":"sql-masterclass-api","timestamp":"2026-04-06 21:15:30"}
{"level":"info","message":{"duration":"1ms","method":"GET","path":"/api/stats","status":304},"service":"sql-masterclass-api","timestamp":"2026-04-07 07:30:52"}
{"level":"info","message":{"duration":"1ms","method":"GET","path":"/api/stats","status":304},"service":"sql-masterclass-api","timestamp":"2026-04-07 07:30:52"}
{"level":"info","message":{"duration":"3ms","method":"GET","path":"/api/netflix/trending","status":404},"service":"sql-masterclass-api","timestamp":"2026-04-07 07:30:58"}
{"level":"info","message":{"duration":"5ms","method":"GET","path":"/api/netflix/trending","status":404},"service":"sql-masterclass-api","timestamp":"2026-04-07 07:30:58"}
{"level":"info","message":{"duration":"32ms","method":"GET","path":"/api/netflix/genres","status":304},"service":"sql-masterclass-api","timestamp":"2026-04-07 07:30:58"}
{"level":"error","message":{"error":"rows is not defined","query":{"sort":"popular"},"route":"/api/netflix/content"},"service":"sql-masterclass-api","timestamp":"2026-04-07 07:30:58"}
{"level":"info","message":{"duration":"28ms","method":"GET","path":"/api/netflix/content","status":500},"service":"sql-masterclass-api","timestamp":"2026-04-07 07:30:58"}
{"level":"info","message":"SQL Masterclass API running on http://localhost:4000","service":"sql-masterclass-api","timestamp":"2026-04-07 07:34:57"}
{"level":"info","message":{"duration":"8ms","method":"GET","path":"/api/stats","status":200},"service":"sql-masterclass-api","timestamp":"2026-04-07 07:35:01"}
{"level":"info","message":{"duration":"2ms","method":"GET","path":"/api/stats","status":304},"service":"sql-masterclass-api","timestamp":"2026-04-07 07:35:01"}
{"level":"info","message":"SQL Masterclass API running on http://localhost:4000","service":"sql-masterclass-api","timestamp":"2026-04-07 07:35:13"}
{"level":"info","message":{"duration":"33ms","method":"GET","path":"/api/netflix/genres","status":200},"service":"sql-masterclass-api","timestamp":"2026-04-07 07:35:30"}
{"level":"info","message":{"duration":"3ms","method":"GET","path":"/api/netflix/trending","status":200},"service":"sql-masterclass-api","timestamp":"2026-04-07 07:35:33"}
{"level":"info","message":{"duration":"4ms","method":"GET","path":"/api/netflix/content","status":200},"service":"sql-masterclass-api","timestamp":"2026-04-07 07:35:36"}
{"level":"info","message":{"duration":"32ms","method":"GET","path":"/api/amazon/orders","status":500},"service":"sql-masterclass-api","timestamp":"2026-04-07 07:35:46"}
{"level":"info","message":{"duration":"42ms","method":"GET","path":"/api/amazon/categories","status":304},"service":"sql-masterclass-api","timestamp":"2026-04-07 07:35:46"}
{"level":"info","message":{"duration":"52ms","method":"GET","path":"/api/amazon/products","status":304},"service":"sql-masterclass-api","timestamp":"2026-04-07 07:35:46"}
{"level":"info","message":{"duration":"13ms","method":"GET","path":"/api/amazon/orders","status":500},"service":"sql-masterclass-api","timestamp":"2026-04-07 07:35:46"}
{"level":"info","message":{"duration":"7ms","method":"GET","path":"/api/amazon/categories","status":304},"service":"sql-masterclass-api","timestamp":"2026-04-07 07:35:46"}
{"level":"info","message":{"duration":"8ms","method":"GET","path":"/api/amazon/products","status":304},"service":"sql-masterclass-api","timestamp":"2026-04-07 07:35:46"}
{"level":"info","message":{"duration":"5ms","method":"GET","path":"/api/amazon/products","status":304},"service":"sql-masterclass-api","timestamp":"2026-04-07 07:35:56"}
{"level":"info","message":{"duration":"3ms","method":"GET","path":"/api/amazon/products","status":304},"service":"sql-masterclass-api","timestamp":"2026-04-07 07:35:58"}
{"level":"info","message":{"duration":"4ms","method":"GET","path":"/api/amazon/products","status":304},"service":"sql-masterclass-api","timestamp":"2026-04-07 07:36:00"}
{"level":"info","message":{"duration":"5ms","method":"GET","path":"/api/amazon/products","status":304},"service":"sql-masterclass-api","timestamp":"2026-04-07 07:36:19"}
{"level":"info","message":{"duration":"5ms","method":"GET","path":"/api/amazon/products","status":304},"service":"sql-masterclass-api","timestamp":"2026-04-07 07:36:20"}
{"level":"info","message":{"duration":"4ms","method":"GET","path":"/api/amazon/products","status":200},"service":"sql-masterclass-api","timestamp":"2026-04-07 07:36:21"}
{"level":"info","message":{"duration":"3ms","method":"GET","path":"/api/amazon/products","status":200},"service":"sql-masterclass-api","timestamp":"2026-04-07 07:36:22"}
{"level":"info","message":{"duration":"4ms","method":"GET","path":"/api/amazon/products","status":304},"service":"sql-masterclass-api","timestamp":"2026-04-07 07:36:23"}
{"level":"info","message":{"duration":"5ms","method":"GET","path":"/api/amazon/products","status":200},"service":"sql-masterclass-api","timestamp":"2026-04-07 07:36:24"}
{"level":"info","message":{"duration":"4ms","method":"GET","path":"/api/amazon/products","status":304},"service":"sql-masterclass-api","timestamp":"2026-04-07 07:36:25"}
{"level":"info","message":{"duration":"4ms","method":"GET","path":"/api/amazon/products","status":200},"service":"sql-masterclass-api","timestamp":"2026-04-07 07:36:26"}
{"level":"info","message":{"duration":"1ms","method":"GET","path":"/api/stats","status":304},"service":"sql-masterclass-api","timestamp":"2026-04-07 07:36:28"}
{"level":"info","message":{"duration":"0ms","method":"GET","path":"/api/stats","status":304},"service":"sql-masterclass-api","timestamp":"2026-04-07 07:36:28"}
{"level":"info","message":{"duration":"1ms","method":"GET","path":"/api/stats","status":304},"service":"sql-masterclass-api","timestamp":"2026-04-07 07:37:08"}
{"level":"info","message":{"duration":"1ms","method":"GET","path":"/api/stats","status":304},"service":"sql-masterclass-api","timestamp":"2026-04-07 07:37:08"}
{"level":"info","message":{"duration":"6ms","method":"GET","path":"/api/spotify/playlists","status":404},"service":"sql-masterclass-api","timestamp":"2026-04-07 07:37:12"}
{"level":"info","message":{"duration":"3ms","method":"GET","path":"/api/spotify/playlists","status":404},"service":"sql-masterclass-api","timestamp":"2026-04-07 07:37:12"}
{"level":"info","message":{"duration":"28ms","method":"GET","path":"/api/spotify/top-charts","status":304},"service":"sql-masterclass-api","timestamp":"2026-04-07 07:37:12"}
{"level":"info","message":{"duration":"29ms","method":"GET","path":"/api/spotify/artists","status":304},"service":"sql-masterclass-api","timestamp":"2026-04-07 07:37:12"}
{"level":"error","message":{"error":"rows is not defined","query":{"sort":"streams"},"route":"/api/spotify/songs"},"service":"sql-masterclass-api","timestamp":"2026-04-07 07:37:12"}
{"level":"info","message":{"duration":"29ms","method":"GET","path":"/api/spotify/songs","status":500},"service":"sql-masterclass-api","timestamp":"2026-04-07 07:37:12"}
{"level":"info","message":{"duration":"7ms","method":"GET","path":"/api/spotify/top-charts","status":304},"service":"sql-masterclass-api","timestamp":"2026-04-07 07:37:12"}
{"level":"info","message":{"duration":"20ms","method":"GET","path":"/api/spotify/artists","status":304},"service":"sql-masterclass-api","timestamp":"2026-04-07 07:37:12"}
{"level":"info","message":"SQL Masterclass API running on http://localhost:4000","service":"sql-masterclass-api","timestamp":"2026-04-07 07:38:15"}
{"level":"info","message":"SQL Masterclass API running on http://localhost:4000","service":"sql-masterclass-api","timestamp":"2026-04-07 07:38:33"}
{"level":"info","message":{"duration":"51ms","method":"GET","path":"/api/spotify/playlists","status":200},"service":"sql-masterclass-api","timestamp":"2026-04-07 07:38:53"}
{"level":"info","message":{"duration":"4ms","method":"GET","path":"/api/spotify/songs","status":200},"service":"sql-masterclass-api","timestamp":"2026-04-07 07:39:13"}
{"level":"info","message":{"duration":"2ms","method":"GET","path":"/api/spotify/top-charts","status":200},"service":"sql-masterclass-api","timestamp":"2026-04-07 07:39:16"}
{"level":"info","message":"SQL Masterclass API running on http://localhost:4000","service":"sql-masterclass-api","timestamp":"2026-04-07 07:43:35"}
{"level":"info","message":{"duration":"7ms","method":"GET","path":"/api/stats","status":304},"service":"sql-masterclass-api","timestamp":"2026-04-07 07:43:44"}
{"level":"info","message":{"duration":"2ms","method":"GET","path":"/api/stats","status":304},"service":"sql-masterclass-api","timestamp":"2026-04-07 07:43:44"}
{"level":"info","message":{"duration":"97ms","method":"GET","path":"/api/spotify/top-charts","status":304},"service":"sql-masterclass-api","timestamp":"2026-04-07 07:43:51"}
{"level":"info","message":{"duration":"86ms","method":"GET","path":"/api/spotify/artists","status":304},"service":"sql-masterclass-api","timestamp":"2026-04-07 07:43:51"}
{"level":"info","message":{"duration":"96ms","method":"GET","path":"/api/spotify/songs","status":200},"service":"sql-masterclass-api","timestamp":"2026-04-07 07:43:51"}
{"level":"info","message":{"duration":"29ms","method":"GET","path":"/api/spotify/top-charts","status":304},"service":"sql-masterclass-api","timestamp":"2026-04-07 07:43:51"}
{"level":"info","message":{"duration":"15ms","method":"GET","path":"/api/spotify/artists","status":304},"service":"sql-masterclass-api","timestamp":"2026-04-07 07:43:51"}
{"level":"info","message":{"duration":"138ms","method":"GET","path":"/api/spotify/playlists","status":200},"service":"sql-masterclass-api","timestamp":"2026-04-07 07:43:51"}
{"level":"info","message":{"duration":"12ms","method":"GET","path":"/api/spotify/songs","status":304},"service":"sql-masterclass-api","timestamp":"2026-04-07 07:43:51"}
{"level":"info","message":{"duration":"6ms","method":"GET","path":"/api/spotify/playlists","status":304},"service":"sql-masterclass-api","timestamp":"2026-04-07 07:43:51"}
{"level":"info","message":{"duration":"4ms","method":"GET","path":"/api/spotify/songs","status":200},"service":"sql-masterclass-api","timestamp":"2026-04-07 07:44:10"}
{"level":"info","message":{"duration":"0ms","method":"GET","path":"/api/stats","status":304},"service":"sql-masterclass-api","timestamp":"2026-04-07 07:44:18"}
{"level":"info","message":{"duration":"1ms","method":"GET","path":"/api/stats","status":304},"service":"sql-masterclass-api","timestamp":"2026-04-07 07:44:18"}
{"level":"info","message":{"duration":"10ms","method":"GET","path":"/api/netflix/genres","status":200},"service":"sql-masterclass-api","timestamp":"2026-04-07 07:44:22"}
{"level":"info","message":{"duration":"1ms","method":"GET","path":"/api/netflix/genres","status":304},"service":"sql-masterclass-api","timestamp":"2026-04-07 07:44:22"}
{"level":"info","message":{"duration":"49ms","method":"GET","path":"/api/netflix/trending","status":200},"service":"sql-masterclass-api","timestamp":"2026-04-07 07:44:22"}
{"level":"info","message":{"duration":"53ms","method":"GET","path":"/api/netflix/content","status":200},"service":"sql-masterclass-api","timestamp":"2026-04-07 07:44:22"}
{"level":"info","message":{"duration":"6ms","method":"GET","path":"/api/netflix/trending","status":304},"service":"sql-masterclass-api","timestamp":"2026-04-07 07:44:22"}
{"level":"info","message":{"duration":"6ms","method":"GET","path":"/api/netflix/content","status":304},"service":"sql-masterclass-api","timestamp":"2026-04-07 07:44:22"}
{"level":"info","message":{"duration":"7ms","method":"GET","path":"/api/netflix/content","status":200},"service":"sql-masterclass-api","timestamp":"2026-04-07 07:44:33"}
{"level":"info","message":{"duration":"4ms","method":"GET","path":"/api/netflix/content","status":200},"service":"sql-masterclass-api","timestamp":"2026-04-07 07:44:34"}
{"level":"info","message":{"duration":"5ms","method":"GET","path":"/api/netflix/content","status":200},"service":"sql-masterclass-api","timestamp":"2026-04-07 07:44:35"}
{"level":"info","message":{"duration":"6ms","method":"GET","path":"/api/netflix/content","status":200},"service":"sql-masterclass-api","timestamp":"2026-04-07 07:44:42"}
{"level":"info","message":{"duration":"4ms","method":"GET","path":"/api/netflix/content","status":200},"service":"sql-masterclass-api","timestamp":"2026-04-07 07:44:43"}
{"level":"info","message":{"duration":"5ms","method":"GET","path":"/api/netflix/content","status":200},"service":"sql-masterclass-api","timestamp":"2026-04-07 07:44:44"}
{"level":"info","message":{"duration":"5ms","method":"GET","path":"/api/netflix/content","status":200},"service":"sql-masterclass-api","timestamp":"2026-04-07 07:44:44"}
{"level":"info","message":{"duration":"5ms","method":"GET","path":"/api/netflix/content","status":200},"service":"sql-masterclass-api","timestamp":"2026-04-07 07:44:45"}
{"level":"info","message":{"duration":"4ms","method":"GET","path":"/api/netflix/content","status":200},"service":"sql-masterclass-api","timestamp":"2026-04-07 07:44:46"}
{"level":"info","message":{"duration":"8ms","method":"GET","path":"/api/netflix/content","status":200},"service":"sql-masterclass-api","timestamp":"2026-04-07 07:44:46"}
{"level":"info","message":{"duration":"4ms","method":"GET","path":"/api/netflix/content","status":200},"service":"sql-masterclass-api","timestamp":"2026-04-07 07:44:47"}
{"level":"info","message":{"duration":"4ms","method":"GET","path":"/api/netflix/content","status":200},"service":"sql-masterclass-api","timestamp":"2026-04-07 07:44:48"}
{"level":"info","message":{"duration":"3ms","method":"GET","path":"/api/netflix/content","status":200},"service":"sql-masterclass-api","timestamp":"2026-04-07 07:44:49"}
{"level":"info","message":{"duration":"4ms","method":"GET","path":"/api/netflix/content","status":304},"service":"sql-masterclass-api","timestamp":"2026-04-07 07:45:25"}
{"level":"info","message":{"duration":"3ms","method":"GET","path":"/api/netflix/content","status":304},"service":"sql-masterclass-api","timestamp":"2026-04-07 07:45:27"}
{"level":"info","message":{"duration":"1ms","method":"GET","path":"/api/stats","status":304},"service":"sql-masterclass-api","timestamp":"2026-04-07 07:47:24"}
{"level":"info","message":{"duration":"1ms","method":"GET","path":"/api/stats","status":304},"service":"sql-masterclass-api","timestamp":"2026-04-07 07:47:24"}
{"level":"info","message":{"duration":"13ms","method":"GET","path":"/api/amazon/categories","status":304},"service":"sql-masterclass-api","timestamp":"2026-04-07 07:47:36"}
{"level":"info","message":{"duration":"15ms","method":"GET","path":"/api/amazon/orders","status":500},"service":"sql-masterclass-api","timestamp":"2026-04-07 07:47:36"}
{"level":"info","message":{"duration":"19ms","method":"GET","path":"/api/amazon/products","status":304},"service":"sql-masterclass-api","timestamp":"2026-04-07 07:47:36"}
{"level":"info","message":{"duration":"9ms","method":"GET","path":"/api/amazon/categories","status":304},"service":"sql-masterclass-api","timestamp":"2026-04-07 07:47:36"}
{"level":"info","message":{"duration":"2ms","method":"GET","path":"/api/amazon/orders","status":500},"service":"sql-masterclass-api","timestamp":"2026-04-07 07:47:36"}
{"level":"info","message":{"duration":"6ms","method":"GET","path":"/api/amazon/products","status":304},"service":"sql-masterclass-api","timestamp":"2026-04-07 07:47:36"}
{"level":"info","message":{"duration":"2ms","method":"GET","path":"/api/amazon/products","status":304},"service":"sql-masterclass-api","timestamp":"2026-04-07 07:47:40"}
{"level":"info","message":{"duration":"5ms","method":"GET","path":"/api/amazon/products","status":304},"service":"sql-masterclass-api","timestamp":"2026-04-07 07:48:09"}
{"level":"info","message":{"duration":"4ms","method":"GET","path":"/api/amazon/products","status":304},"service":"sql-masterclass-api","timestamp":"2026-04-07 07:48:52"}
{"level":"info","message":{"duration":"4ms","method":"GET","path":"/api/amazon/products","status":304},"service":"sql-masterclass-api","timestamp":"2026-04-07 07:48:59"}
{"level":"info","message":{"duration":"1ms","method":"GET","path":"/api/stats","status":304},"service":"sql-masterclass-api","timestamp":"2026-04-07 07:49:00"}
{"level":"info","message":{"duration":"1ms","method":"GET","path":"/api/stats","status":304},"service":"sql-masterclass-api","timestamp":"2026-04-07 07:49:00"}
{"level":"info","message":{"duration":"3ms","method":"GET","path":"/api/spotify/top-charts","status":304},"service":"sql-masterclass-api","timestamp":"2026-04-07 07:49:03"}
{"level":"info","message":{"duration":"3ms","method":"GET","path":"/api/spotify/artists","status":304},"service":"sql-masterclass-api","timestamp":"2026-04-07 07:49:03"}
{"level":"info","message":{"duration":"12ms","method":"GET","path":"/api/spotify/playlists","status":304},"service":"sql-masterclass-api","timestamp":"2026-04-07 07:49:03"}
{"level":"info","message":{"duration":"18ms","method":"GET","path":"/api/spotify/songs","status":304},"service":"sql-masterclass-api","timestamp":"2026-04-07 07:49:03"}
{"level":"info","message":{"duration":"9ms","method":"GET","path":"/api/spotify/top-charts","status":304},"service":"sql-masterclass-api","timestamp":"2026-04-07 07:49:03"}
{"level":"info","message":{"duration":"7ms","method":"GET","path":"/api/spotify/artists","status":304},"service":"sql-masterclass-api","timestamp":"2026-04-07 07:49:03"}
{"level":"info","message":{"duration":"11ms","method":"GET","path":"/api/spotify/playlists","status":304},"service":"sql-masterclass-api","timestamp":"2026-04-07 07:49:03"}
{"level":"info","message":{"duration":"5ms","method":"GET","path":"/api/spotify/songs","status":304},"service":"sql-masterclass-api","timestamp":"2026-04-07 07:49:03"}
{"level":"info","message":{"duration":"4ms","method":"GET","path":"/api/spotify/songs","status":200},"service":"sql-masterclass-api","timestamp":"2026-04-07 07:49:10"}
{"level":"info","message":{"duration":"4ms","method":"GET","path":"/api/spotify/songs","status":200},"service":"sql-masterclass-api","timestamp":"2026-04-07 07:49:13"}
{"level":"info","message":{"duration":"2ms","method":"GET","path":"/api/spotify/songs","status":200},"service":"sql-masterclass-api","timestamp":"2026-04-07 07:49:16"}
{"level":"info","message":{"duration":"3ms","method":"GET","path":"/api/spotify/songs","status":200},"service":"sql-masterclass-api","timestamp":"2026-04-07 07:49:18"}
{"level":"info","message":{"duration":"4ms","method":"GET","path":"/api/spotify/songs","status":200},"service":"sql-masterclass-api","timestamp":"2026-04-07 07:49:19"}
{"level":"info","message":{"duration":"2ms","method":"GET","path":"/api/amazon/categories","status":200},"service":"sql-masterclass-api","timestamp":"2026-04-07 07:52:26"}
{"level":"info","message":{"duration":"2ms","method":"GET","path":"/api/amazon/products","status":200},"service":"sql-masterclass-api","timestamp":"2026-04-07 07:52:30"}
{"level":"info","message":{"duration":"2ms","method":"GET","path":"/api/netflix/content","status":200},"service":"sql-masterclass-api","timestamp":"2026-04-07 07:52:35"}
{"level":"info","message":{"duration":"2ms","method":"GET","path":"/api/spotify/songs","status":200},"service":"sql-masterclass-api","timestamp":"2026-04-07 07:52:40"}
{"level":"info","message":{"duration":"1ms","method":"GET","path":"/api/stats","status":304},"service":"sql-masterclass-api","timestamp":"2026-04-07 07:53:03"}
{"level":"info","message":{"duration":"1ms","method":"GET","path":"/api/stats","status":304},"service":"sql-masterclass-api","timestamp":"2026-04-07 07:53:03"}
{"level":"info","message":{"duration":"3ms","method":"GET","path":"/api/amazon/categories","status":304},"service":"sql-masterclass-api","timestamp":"2026-04-07 07:53:05"}
{"level":"info","message":{"duration":"5ms","method":"GET","path":"/api/amazon/orders","status":500},"service":"sql-masterclass-api","timestamp":"2026-04-07 07:53:05"}
{"level":"info","message":{"duration":"10ms","method":"GET","path":"/api/amazon/products","status":200},"service":"sql-masterclass-api","timestamp":"2026-04-07 07:53:05"}
{"level":"info","message":{"duration":"6ms","method":"GET","path":"/api/amazon/categories","status":304},"service":"sql-masterclass-api","timestamp":"2026-04-07 07:53:05"}
{"level":"info","message":{"duration":"3ms","method":"GET","path":"/api/amazon/orders","status":500},"service":"sql-masterclass-api","timestamp":"2026-04-07 07:53:05"}
{"level":"info","message":{"duration":"6ms","method":"GET","path":"/api/amazon/products","status":304},"service":"sql-masterclass-api","timestamp":"2026-04-07 07:53:05"}
{"level":"info","message":{"duration":"3ms","method":"GET","path":"/api/amazon/products","status":200},"service":"sql-masterclass-api","timestamp":"2026-04-07 07:53:07"}
{"level":"info","message":{"duration":"4ms","method":"GET","path":"/api/amazon/products","status":304},"service":"sql-masterclass-api","timestamp":"2026-04-07 07:53:10"}
{"level":"info","message":{"duration":"4ms","method":"GET","path":"/api/amazon/products","status":304},"service":"sql-masterclass-api","timestamp":"2026-04-07 07:53:12"}
{"level":"info","message":{"duration":"5ms","method":"GET","path":"/api/amazon/products","status":304},"service":"sql-masterclass-api","timestamp":"2026-04-07 07:53:14"}
{"level":"info","message":{"duration":"4ms","method":"GET","path":"/api/amazon/products","status":304},"service":"sql-masterclass-api","timestamp":"2026-04-07 07:53:16"}
{"level":"info","message":{"duration":"4ms","method":"GET","path":"/api/amazon/products","status":304},"service":"sql-masterclass-api","timestamp":"2026-04-07 07:54:00"}
{"level":"info","message":{"duration":"4ms","method":"GET","path":"/api/amazon/products","status":304},"service":"sql-masterclass-api","timestamp":"2026-04-07 07:54:01"}
{"level":"info","message":{"duration":"5ms","method":"GET","path":"/api/amazon/products","status":304},"service":"sql-masterclass-api","timestamp":"2026-04-07 07:54:02"}
{"level":"info","message":{"duration":"5ms","method":"GET","path":"/api/amazon/products","status":304},"service":"sql-masterclass-api","timestamp":"2026-04-07 07:54:06"}
{"level":"info","message":{"duration":"13ms","method":"GET","path":"/api/amazon/products","status":304},"service":"sql-masterclass-api","timestamp":"2026-04-07 07:54:12"}
{"level":"info","message":{"duration":"1ms","method":"GET","path":"/api/stats","status":304},"service":"sql-masterclass-api","timestamp":"2026-04-07 07:54:36"}
{"level":"info","message":{"duration":"1ms","method":"GET","path":"/api/stats","status":304},"service":"sql-masterclass-api","timestamp":"2026-04-07 07:54:36"}
{"level":"info","message":{"duration":"2ms","method":"GET","path":"/api/netflix/genres","status":304},"service":"sql-masterclass-api","timestamp":"2026-04-07 07:54:38"}
{"level":"info","message":{"duration":"4ms","method":"GET","path":"/api/netflix/trending","status":304},"service":"sql-masterclass-api","timestamp":"2026-04-07 07:54:38"}
{"level":"info","message":{"duration":"2ms","method":"GET","path":"/api/netflix/genres","status":304},"service":"sql-masterclass-api","timestamp":"2026-04-07 07:54:38"}
{"level":"info","message":{"duration":"8ms","method":"GET","path":"/api/netflix/content","status":200},"service":"sql-masterclass-api","timestamp":"2026-04-07 07:54:38"}
{"level":"info","message":{"duration":"3ms","method":"GET","path":"/api/netflix/trending","status":304},"service":"sql-masterclass-api","timestamp":"2026-04-07 07:54:38"}
{"level":"info","message":{"duration":"5ms","method":"GET","path":"/api/netflix/content","status":304},"service":"sql-masterclass-api","timestamp":"2026-04-07 07:54:38"}
{"level":"info","message":{"duration":"5ms","method":"GET","path":"/api/netflix/content","status":200},"service":"sql-masterclass-api","timestamp":"2026-04-07 07:54:41"}
{"level":"info","message":{"duration":"5ms","method":"GET","path":"/api/netflix/content","status":200},"service":"sql-masterclass-api","timestamp":"2026-04-07 07:54:42"}
{"level":"info","message":{"duration":"3ms","method":"GET","path":"/api/netflix/content","status":200},"service":"sql-masterclass-api","timestamp":"2026-04-07 07:54:43"}
{"level":"info","message":{"duration":"3ms","method":"GET","path":"/api/netflix/content","status":200},"service":"sql-masterclass-api","timestamp":"2026-04-07 07:55:21"}
{"level":"info","message":{"duration":"5ms","method":"GET","path":"/api/netflix/content","status":200},"service":"sql-masterclass-api","timestamp":"2026-04-07 07:56:27"}
{"level":"info","message":"SQL Masterclass API running on http://localhost:4000","service":"sql-masterclass-api","timestamp":"2026-04-07 07:56:36"}
{"level":"info","message":{"duration":"33ms","method":"GET","path":"/api/spotify/songs","status":200},"service":"sql-masterclass-api","timestamp":"2026-04-07 07:56:42"}
{"level":"info","message":"SQL Masterclass API running on http://localhost:4000","service":"sql-masterclass-api","timestamp":"2026-04-07 07:57:15"}
{"level":"info","message":{"duration":"33ms","method":"GET","path":"/api/netflix/content","status":200},"service":"sql-masterclass-api","timestamp":"2026-04-07 07:57:43"}
{"level":"info","message":{"duration":"6ms","method":"GET","path":"/api/spotify/songs","status":200},"service":"sql-masterclass-api","timestamp":"2026-04-07 07:57:50"}
{"level":"info","message":"SQL Masterclass API running on http://localhost:4000","service":"sql-masterclass-api","timestamp":"2026-04-07 07:58:10"}
{"level":"info","message":{"duration":"31ms","method":"GET","path":"/api/spotify/songs","status":200},"service":"sql-masterclass-api","timestamp":"2026-04-07 07:58:22"}
{"level":"info","message":{"duration":"6ms","method":"GET","path":"/api/netflix/content","status":200},"service":"sql-masterclass-api","timestamp":"2026-04-07 07:58:33"}
{"level":"info","message":{"duration":"6ms","method":"GET","path":"/api/amazon/products","status":200},"service":"sql-masterclass-api","timestamp":"2026-04-07 07:58:38"}
{"level":"info","message":{"duration":"10ms","method":"GET","path":"/api/netflix/content","status":200},"service":"sql-masterclass-api","timestamp":"2026-04-07 07:58:55"}
{"level":"info","message":{"duration":"7ms","method":"GET","path":"/api/netflix/content","status":200},"service":"sql-masterclass-api","timestamp":"2026-04-07 07:59:00"}
{"level":"info","message":{"duration":"5ms","method":"GET","path":"/api/netflix/content","status":200},"service":"sql-masterclass-api","timestamp":"2026-04-07 07:59:02"}
{"level":"info","message":{"duration":"5ms","method":"GET","path":"/api/netflix/content","status":200},"service":"sql-masterclass-api","timestamp":"2026-04-07 07:59:02"}
{"level":"info","message":{"duration":"5ms","method":"GET","path":"/api/netflix/content","status":200},"service":"sql-masterclass-api","timestamp":"2026-04-07 07:59:03"}
{"level":"info","message":{"duration":"4ms","method":"GET","path":"/api/netflix/content","status":200},"service":"sql-masterclass-api","timestamp":"2026-04-07 07:59:03"}
{"level":"info","message":{"duration":"5ms","method":"GET","path":"/api/netflix/content","status":200},"service":"sql-masterclass-api","timestamp":"2026-04-07 07:59:04"}
{"level":"info","message":{"duration":"4ms","method":"GET","path":"/api/netflix/content","status":200},"service":"sql-masterclass-api","timestamp":"2026-04-07 07:59:04"}
{"level":"info","message":{"duration":"5ms","method":"GET","path":"/api/netflix/content","status":200},"service":"sql-masterclass-api","timestamp":"2026-04-07 07:59:05"}
{"level":"info","message":{"duration":"3ms","method":"GET","path":"/api/netflix/content","status":200},"service":"sql-masterclass-api","timestamp":"2026-04-07 07:59:05"}
{"level":"info","message":{"duration":"5ms","method":"GET","path":"/api/netflix/content","status":200},"service":"sql-masterclass-api","timestamp":"2026-04-07 07:59:06"}
{"level":"info","message":{"duration":"4ms","method":"GET","path":"/api/netflix/content","status":304},"service":"sql-masterclass-api","timestamp":"2026-04-07 07:59:16"}
{"level":"info","message":{"duration":"4ms","method":"GET","path":"/api/netflix/content","status":304},"service":"sql-masterclass-api","timestamp":"2026-04-07 07:59:17"}
{"level":"info","message":{"duration":"3ms","method":"GET","path":"/api/netflix/content","status":304},"service":"sql-masterclass-api","timestamp":"2026-04-07 07:59:18"}
{"level":"info","message":{"duration":"3ms","method":"GET","path":"/api/netflix/content","status":304},"service":"sql-masterclass-api","timestamp":"2026-04-07 07:59:18"}
{"level":"info","message":{"duration":"5ms","method":"GET","path":"/api/netflix/content","status":304},"service":"sql-masterclass-api","timestamp":"2026-04-07 07:59:19"}
{"level":"info","message":{"duration":"4ms","method":"GET","path":"/api/netflix/content","status":304},"service":"sql-masterclass-api","timestamp":"2026-04-07 07:59:20"}
{"level":"info","message":{"duration":"3ms","method":"GET","path":"/api/netflix/content","status":304},"service":"sql-masterclass-api","timestamp":"2026-04-07 07:59:20"}
{"level":"info","message":{"duration":"5ms","method":"GET","path":"/api/netflix/content","status":304},"service":"sql-masterclass-api","timestamp":"2026-04-07 07:59:21"}
{"level":"info","message":{"duration":"4ms","method":"GET","path":"/api/netflix/content","status":304},"service":"sql-masterclass-api","timestamp":"2026-04-07 07:59:22"}
{"level":"info","message":{"duration":"1ms","method":"GET","path":"/api/stats","status":304},"service":"sql-masterclass-api","timestamp":"2026-04-07 07:59:31"}
{"level":"info","message":{"duration":"0ms","method":"GET","path":"/api/stats","status":304},"service":"sql-masterclass-api","timestamp":"2026-04-07 07:59:31"}
{"level":"info","message":{"duration":"5ms","method":"GET","path":"/api/spotify/top-charts","status":200},"service":"sql-masterclass-api","timestamp":"2026-04-07 07:59:34"}
{"level":"info","message":{"duration":"16ms","method":"GET","path":"/api/spotify/top-charts","status":304},"service":"sql-masterclass-api","timestamp":"2026-04-07 07:59:34"}
{"level":"info","message":{"duration":"60ms","method":"GET","path":"/api/spotify/artists","status":304},"service":"sql-masterclass-api","timestamp":"2026-04-07 07:59:34"}
{"level":"info","message":{"duration":"61ms","method":"GET","path":"/api/spotify/playlists","status":304},"service":"sql-masterclass-api","timestamp":"2026-04-07 07:59:34"}
{"level":"info","message":{"duration":"63ms","method":"GET","path":"/api/spotify/songs","status":200},"service":"sql-masterclass-api","timestamp":"2026-04-07 07:59:34"}
{"level":"info","message":{"duration":"2ms","method":"GET","path":"/api/spotify/artists","status":304},"service":"sql-masterclass-api","timestamp":"2026-04-07 07:59:34"}
{"level":"info","message":{"duration":"7ms","method":"GET","path":"/api/spotify/playlists","status":304},"service":"sql-masterclass-api","timestamp":"2026-04-07 07:59:34"}
{"level":"info","message":{"duration":"9ms","method":"GET","path":"/api/spotify/songs","status":304},"service":"sql-masterclass-api","timestamp":"2026-04-07 07:59:34"}
{"level":"info","message":{"duration":"3ms","method":"GET","path":"/api/spotify/songs","status":200},"service":"sql-masterclass-api","timestamp":"2026-04-07 07:59:48"}
{"level":"info","message":{"duration":"4ms","method":"GET","path":"/api/spotify/songs","status":200},"service":"sql-masterclass-api","timestamp":"2026-04-07 07:59:53"}
{"level":"info","message":{"duration":"4ms","method":"GET","path":"/api/spotify/songs","status":200},"service":"sql-masterclass-api","timestamp":"2026-04-07 07:59:55"}
{"level":"info","message":{"duration":"2ms","method":"GET","path":"/api/spotify/songs","status":200},"service":"sql-masterclass-api","timestamp":"2026-04-07 07:59:57"}
{"level":"info","message":{"duration":"3ms","method":"GET","path":"/api/spotify/songs","status":200},"service":"sql-masterclass-api","timestamp":"2026-04-07 08:00:00"}
{"level":"info","message":{"duration":"5ms","method":"GET","path":"/api/spotify/songs","status":200},"service":"sql-masterclass-api","timestamp":"2026-04-07 08:00:14"}
{"level":"info","message":{"duration":"5ms","method":"GET","path":"/api/spotify/songs","status":200},"service":"sql-masterclass-api","timestamp":"2026-04-07 08:00:18"}
{"level":"info","message":{"duration":"3ms","method":"GET","path":"/api/spotify/songs","status":200},"service":"sql-masterclass-api","timestamp":"2026-04-07 08:00:19"}
{"level":"info","message":{"duration":"5ms","method":"GET","path":"/api/spotify/songs","status":200},"service":"sql-masterclass-api","timestamp":"2026-04-07 08:00:20"}
{"level":"info","message":{"duration":"4ms","method":"GET","path":"/api/spotify/songs","status":200},"service":"sql-masterclass-api","timestamp":"2026-04-07 08:00:24"}
{"level":"info","message":{"duration":"5ms","method":"GET","path":"/api/spotify/songs","status":200},"service":"sql-masterclass-api","timestamp":"2026-04-07 08:00:25"}
{"level":"info","message":{"duration":"2ms","method":"GET","path":"/api/spotify/songs","status":200},"service":"sql-masterclass-api","timestamp":"2026-04-07 08:00:26"}
{"level":"info","message":{"duration":"5ms","method":"GET","path":"/api/spotify/songs","status":304},"service":"sql-masterclass-api","timestamp":"2026-04-07 08:00:57"}
{"level":"info","message":{"duration":"1ms","method":"GET","path":"/api/stats","status":304},"service":"sql-masterclass-api","timestamp":"2026-04-07 08:01:04"}
{"level":"info","message":{"duration":"1ms","method":"GET","path":"/api/stats","status":304},"service":"sql-masterclass-api","timestamp":"2026-04-07 08:01:04"}
{"level":"info","message":{"duration":"1ms","method":"GET","path":"/api/stats","status":304},"service":"sql-masterclass-api","timestamp":"2026-04-07 09:12:58"}
{"level":"info","message":{"duration":"1ms","method":"GET","path":"/api/stats","status":304},"service":"sql-masterclass-api","timestamp":"2026-04-07 09:12:58"}
